<?xml version="1.0" encoding="UTF-8"?>
<!-- Generated by org.testng.reporters.JUnitReportReporter -->
<testsuite hostname="XIQ-T3N0CX03T89811F" failures="1" tests="4" name="runner.TestRunner" time="3.776" errors="0" timestamp="2026-06-23T10:31:17 SAST" skipped="0">
  <testcase classname="runner.TestRunner" name="runScenario" time="1.095"/>
  <testcase classname="runner.TestRunner" name="runScenario" time="0.515"/>
  <testcase classname="runner.TestRunner" name="runScenario" time="1.355">
    <failure message="expected [200] but found [401]" type="java.lang.AssertionError">
      <![CDATA[java.lang.AssertionError: expected [200] but found [401]
at org.testng.Assert.fail(Assert.java:111)
at org.testng.Assert.failNotEquals(Assert.java:1590)
at org.testng.Assert.assertEqualsImpl(Assert.java:150)
at org.testng.Assert.assertEquals(Assert.java:132)
at org.testng.Assert.assertEquals(Assert.java:1431)
at org.testng.Assert.assertEquals(Assert.java:1395)
at org.testng.Assert.assertEquals(Assert.java:1441)
at stepDefinitions.Onboarding.iDeleteToReceiveTheRecordWithStatus(Onboarding.java:197)
at ✽.I delete to receive the record with status(file:///C:/Users/ZukiswaSibutha/Intellij-Workspace/Onboarding/src/test/resources/features/DeleteEmployee.feature:6)
]]>
    </failure>
  </testcase> <!-- runScenario -->
  <testcase classname="runner.TestRunner" name="runScenario" time="0.811"/>
</testsuite> <!-- runner.TestRunner -->
