<?xml version="1.0" encoding="UTF-8"?>
<testsuite xmlns:xsi="http://www.w3.org/2001/XMLSchema-instance" xsi:noNamespaceSchemaLocation="https://maven.apache.org/surefire/maven-surefire-plugin/xsd/surefire-test-report-3.0.xsd" version="3.0" name="runner.TestRunner" time="4.634" tests="4" errors="0" skipped="0" failures="1">
  <properties>
[...]
</properties>
  <testcase name="runScenario[&quot;Verify the Delete api for employees&quot;, &quot;Delete an employee record from the API&quot;](1)" classname="runner.TestRunner" time="1.356">
    <failure message="expected [200] but found [401]" type="java.lang.AssertionError"><![CDATA[java.lang.AssertionError: expected [200] but found [401]
	at org.testng.Assert.fail(Assert.java:111)
	at org.testng.Assert.failNotEquals(Assert.java:1590)
	at org.testng.Assert.assertEqualsImpl(Assert.java:150)
	at org.testng.Assert.assertEquals(Assert.java:132)
	at org.testng.Assert.assertEquals(Assert.java:1431)
	at org.testng.Assert.assertEquals(Assert.java:1395)
	at org.testng.Assert.assertEquals(Assert.java:1441)
	at stepDefinitions.Onboarding.iDeleteToReceiveTheRecordWithStatus(Onboarding.java:197)
	at ✽.I delete to receive the record with status(file:///C:/Users/ZukiswaSibutha/Intellij-Workspace/Onboarding/src/test/resources/features/DeleteEmployee.feature:6)
]]></failure>
    <system-out><![CDATA[
Scenario: Verify the Delete api for employees       # src/test/resources/features/DeleteEmployee.feature:3
  ✔ Given I retrieve the employees records entity   # stepDefinitions.Onboarding.i_retrieve_the_employees_records_entity()

See the response body
  ✔ When I delete an individual employee record     # stepDefinitions.Onboarding.iDeleteAnIndividualEmployeeRecord()
  ✘ Then I delete to receive the record with status # stepDefinitions.Onboarding.iDeleteToReceiveTheRecordWithStatus()
        java.lang.AssertionError: expected [200] but found [401]
        	at org.testng.Assert.fail(Assert.java:111)
        	at org.testng.Assert.failNotEquals(Assert.java:1590)
        	at org.testng.Assert.assertEqualsImpl(Assert.java:150)
        	at org.testng.Assert.assertEquals(Assert.java:132)
        	at org.testng.Assert.assertEquals(Assert.java:1431)
        	at org.testng.Assert.assertEquals(Assert.java:1395)
        	at org.testng.Assert.assertEquals(Assert.java:1441)
        	at stepDefinitions.Onboarding.iDeleteToReceiveTheRecordWithStatus(Onboarding.java:197)
        	at ✽.I delete to receive the record with status(file:///C:/Users/ZukiswaSibutha/Intellij-Workspace/Onboarding/src/test/resources/features/DeleteEmployee.feature:6)
]]></system-out>
    <system-err><![CDATA[SLF4J(W): No SLF4J providers were found.
SLF4J(W): Defaulting to no-operation (NOP) logger implementation
SLF4J(W): See https://www.slf4j.org/codes.html#noProviders for further details.
]]></system-err>
  </testcase>
  <testcase name="runScenario[&quot;Verify the Post api for employees&quot;, &quot;Post an employee record from the API&quot;](2)" classname="runner.TestRunner" time="1.092">
    <system-out><![CDATA[
Scenario: Verify the Post api for employees               # src/test/resources/features/PostEmployee.feature:3
  ✔ Given I retrieve the employees records entity         # stepDefinitions.Onboarding.i_retrieve_the_employees_records_entity()
  ✔ When I add an individual employee record              # stepDefinitions.Onboarding.iAddAnIndividualEmployeeRecord()
See the response body
{"isSuccess":true,"results":null,"gotoUrl":null,"clientExecuteFunctionOnSuccess":null,"clientExecuteFunctionOnFailure":null,"clientMessage":"Successfully updated profile step 7Input ","outputParameters":null}
Response Code: 200
  ✔ Then I check whether I receive the record with status # stepDefinitions.Onboarding.iCheckWhetherIReceiveTheRecordWithStatus()
]]></system-out>
  </testcase>
  <testcase name="runScenario[&quot;Verify the Get api for employees&quot;, &quot;Get all employees records from the API&quot;](3)" classname="runner.TestRunner" time="0.516">
    <system-out><![CDATA[
Scenario: Verify the Get api for employees                # src/test/resources/features/RetriveEmployee.feature:3
  ✔ Given I retrieve the employees records entity         # stepDefinitions.Onboarding.i_retrieve_the_employees_records_entity()
  ✔ When I request for an individual employee record      # stepDefinitions.Onboarding.i_request_for_an_individual_employee_record()
  ✔ When I request for a wrong individual employee record # stepDefinitions.Onboarding.iRequestForAWrongIndividualEmployeeRecord()
See the response body
{"isSuccess":false,"results":null,"gotoUrl":null,"clientExecuteFunctionOnSuccess":null,"clientExecuteFunctionOnFailure":null,"clientMessage":"System.Exception: Employee does not exist.\r\n   at Ezra360.Erecruit.Employee.ExecuteRequests.GetEmployeeDetails.ExecutePlugin(PluginExecutionContext context)","outputParameters":null}
Response Code: 200
  ✔ Then I receive the record with status                 # stepDefinitions.Onboarding.i_receive_the_record_with_status()
]]></system-out>
  </testcase>
  <testcase name="runScenario[&quot;Verify the Put api for employees&quot;, &quot;Put data in an employees record from the API&quot;](4)" classname="runner.TestRunner" time="0.811">
    <system-out><![CDATA[
Scenario: Verify the Put api for employees             # src/test/resources/features/UpdateEmployee.feature:3
  ✔ Given I retrieve the employees records entity      # stepDefinitions.Onboarding.i_retrieve_the_employees_records_entity()
{
    "isSuccess": true,
    "results": null,
    "gotoUrl": null,
    "clientExecuteFunctionOnSuccess": null,
    "clientExecuteFunctionOnFailure": null,
    "clientMessage": "Successfully retrieved profile step 7",
    "outputParameters": {
        "details": [
            {
                "name": "New.pdf",
                "documentType": "ID",
                "documentTypeId": 1105,
                "employeeDocLibId": "709466fa-0413-4cb4-a10e-d6895dcc398c",
                "url": "https://erp-uat.sandbox.api.ezra360.com/api/v1.0/entities/imageview?id=709466fa-0413-4cb4-a10e-d6895dcc398c&folder=EmployeeDocLib&apikey=1lCoWQ.oMU369fr5ZcY1AvYly4PVKm3mtHanXssCcRBO46vJhS"
            },
            {
                "name": "d33656ff-a816-4365-98a2-d4364ffe462a.pdf",
                "documentType": "Highest Qualification",
                "documentTypeId": 1106,
                "employeeDocLibId": "6ad47c29-5879-4901-8ef6-9b16c95034ea",
                "url": "https://erp-uat.sandbox.api.ezra360.com/api/v1.0/entities/imageview?id=6ad47c29-5879-4901-8ef6-9b16c95034ea&folder=EmployeeDocLib&apikey=1lCoWQ.oMU369fr5ZcY1AvYly4PVKm3mtHanXssCcRBO46vJhS"
            },
            {
                "name": "1000111512.jpg",
                "documentType": "CV",
                "documentTypeId": 1107,
                "employeeDocLibId": "ade55271-4086-46c2-95e8-8ce3735d0223",
                "url": "https://erp-uat.sandbox.api.ezra360.com/api/v1.0/entities/imageview?id=ade55271-4086-46c2-95e8-8ce3735d0223&folder=EmployeeDocLib&apikey=1lCoWQ.oMU369fr5ZcY1AvYly4PVKm3mtHanXssCcRBO46vJhS"
            },
            {
                "name": "Testing2.jpg",
                "documentType": "Proof of bank details",
                "documentTypeId": 1108,
                "employeeDocLibId": "3a44f445-2ebb-43fe-88da-1774d4da0815",
                "url": "https://erp-uat.sandbox.api.ezra360.com/api/v1.0/entities/imageview?id=3a44f445-2ebb-43fe-88da-1774d4da0815&folder=EmployeeDocLib&apikey=1lCoWQ.oMU369fr5ZcY1AvYly4PVKm3mtHanXssCcRBO46vJhS"
            },
            {
                "name": "New.pdf",
                "documentType": "Father",
                "documentTypeId": 1110,
                "employeeDocLibId": "f43935b7-831b-4aea-a2c5-571934d9c1cf",
                "url": "https://erp-uat.sandbox.api.ezra360.com/api/v1.0/entities/imageview?id=f43935b7-831b-4aea-a2c5-571934d9c1cf&folder=EmployeeDocLib&apikey=1lCoWQ.oMU369fr5ZcY1AvYly4PVKm3mtHanXssCcRBO46vJhS"
            },
            {
                "name": "signature.png",
                "documentType": "Signature",
                "documentTypeId": 1129,
                "employeeDocLibId": "92fa1b6e-504c-4141-a381-0ddadf424e66",
                "url": "https://erp-uat.sandbox.api.ezra360.com/api/v1.0/entities/imageview?id=92fa1b6e-504c-4141-a381-0ddadf424e66&folder=EmployeeDocLib&apikey=1lCoWQ.oMU369fr5ZcY1AvYly4PVKm3mtHanXssCcRBO46vJhS"
            },
            {
                "name": "mazda-price_list_2024_02.pdf",
                "documentType": "SARS Notice of Registration",
                "documentTypeId": 1130,
                "employeeDocLibId": "6e5a2217-09e4-42c5-b12b-2df96e3b8d18",
                "url": "https://erp-uat.sandbox.api.ezra360.com/api/v1.0/entities/imageview?id=6e5a2217-09e4-42c5-b12b-2df96e3b8d18&folder=EmployeeDocLib&apikey=1lCoWQ.oMU369fr5ZcY1AvYly4PVKm3mtHanXssCcRBO46vJhS"
            },
            {
                "name": "profile_selfie_1782194190190.jpg",
                "documentType": "Selfie",
                "documentTypeId": 1429,
                "employeeDocLibId": "4e82bc34-391d-4dbe-afbb-d0866dac0f89",
                "url": "https://erp-uat.sandbox.api.ezra360.com/api/v1.0/entities/imageview?id=4e82bc34-391d-4dbe-afbb-d0866dac0f89&folder=EmployeeDocLib&apikey=1lCoWQ.oMU369fr5ZcY1AvYly4PVKm3mtHanXssCcRBO46vJhS"
            }
        ]
    }
}
See the response body
  ✔ When I update an individual employee record        # stepDefinitions.Onboarding.iUpdateAnIndividualEmployeeRecord()
  ✔ When I update an individual employee document      # stepDefinitions.Onboarding.iUpdateAnIndividualEmployeeDocument()
{
    "isSuccess": false,
    "results": null,
    "gotoUrl": null,
    "clientExecuteFunctionOnSuccess": null,
    "clientExecuteFunctionOnFailure": null,
    "clientMessage": "An Error Occured : Invalid or missing profileStep input parameter.",
    "outputParameters": null
}
See the response body
  ✔ Then I update a wrong individual employee record   # stepDefinitions.Onboarding.iUpdateAWrongIndividualEmployeeRecord()
  ✔ When I update a wrong individual employee document # stepDefinitions.Onboarding.iUpdateAWrongIndividualEmployeeDocument()
Response Code: 200
  ✔ Then I receive the record with what status         # stepDefinitions.Onboarding.iReceiveTheRecordWithWhatStatus()
]]></system-out>
  </testcase>
</testsuite>