<?xml version="1.0" encoding="UTF-8"?>
<!-- Generated by org.testng.reporters.JUnitXMLReporter -->
<testsuite ignored="0" hostname="XIQ-T3N0CX03T89811F" failures="1" tests="4" name="Surefire test" time="4.192" errors="0" timestamp="2026-06-23T10:31:17 SAST">
  <testcase classname="io.cucumber.testng.AbstractTestNGCucumberTests" name="runScenario" time="1.355">
    <failure type="java.lang.AssertionError" message="expected [200] but found [401]">
      <![CDATA[java.lang.AssertionError: expected [200] but found [401]
at stepDefinitions.Onboarding.iDeleteToReceiveTheRecordWithStatus(Onboarding.java:197)
at ✽.I delete to receive the record with status(file:///C:/Users/ZukiswaSibutha/Intellij-Workspace/Onboarding/src/test/resources/features/DeleteEmployee.feature:6)
... Removed 7 stack frames]]>
    </failure>
  </testcase> <!-- runScenario -->
  <testcase classname="io.cucumber.testng.AbstractTestNGCucumberTests" name="runScenario" time="1.095"/>
  <testcase classname="io.cucumber.testng.AbstractTestNGCucumberTests" name="runScenario" time="0.515"/>
  <testcase classname="io.cucumber.testng.AbstractTestNGCucumberTests" name="runScenario" time="0.811"/>
</testsuite> <!-- Surefire test -->
